<?xml version="1.0" encoding="UTF-8"?>
<!-- Generated by org.testng.reporters.JUnitReportReporter -->
<testsuite skipped="0" hostname="ATMECSINLT-085" name="com.atmecs.konakart.testscripts.HeroImage" tests="1" failures="0" timestamp="07 Oct 2019 14:12:07 GMT" time="40.172" errors="0">
  <testcase name="validateHeroImage" time="40.172" classname="com.atmecs.konakart.testscripts.HeroImage"/>
</testsuite> <!-- com.atmecs.konakart.testscripts.HeroImage -->
