<?xml version="1.0" encoding="UTF-8"?>
<!-- Generated by org.testng.reporters.JUnitReportReporter -->
<testsuite skipped="0" hostname="ATMECSINLT-085" name="com.atmecs.konakart.testscripts.Welcome" tests="2" failures="0" timestamp="04 Oct 2019 13:01:54 GMT" time="7.925" errors="0">
  <testcase name="validateKonakart" time="5.227" classname="com.atmecs.konakart.testscripts.Welcome"/>
  <testcase name="validateKonakart" time="2.698" classname="com.atmecs.konakart.testscripts.Welcome"/>
</testsuite> <!-- com.atmecs.konakart.testscripts.Welcome -->
