<?xml version="1.0" encoding="UTF-8"?>
<!-- Generated by org.testng.reporters.JUnitReportReporter -->
<testsuite skipped="0" hostname="ATMECSINLT-085" name="com.atmecs.konakart.testscripts.WelcomePage" tests="2" failures="0" timestamp="07 Oct 2019 16:42:50 GMT" time="18.239" errors="0">
  <testcase name="validateKonakart" time="13.588" classname="com.atmecs.konakart.testscripts.WelcomePage"/>
  <testcase name="validateKonakart" time="4.651" classname="com.atmecs.konakart.testscripts.WelcomePage"/>
</testsuite> <!-- com.atmecs.konakart.testscripts.WelcomePage -->
