<?xml version="1.0" encoding="UTF-8"?>
<!-- Generated by org.testng.reporters.JUnitReportReporter -->
<testsuite skipped="0" hostname="ATMECSINLT-085" name="com.atmecs.konakart.testscripts.WelcomePage" tests="2" failures="0" timestamp="07 Oct 2019 14:15:21 GMT" time="22.642" errors="0">
  <testcase name="validateKonakart" time="12.828" classname="com.atmecs.konakart.testscripts.WelcomePage"/>
  <testcase name="validateKonakart" time="9.814" classname="com.atmecs.konakart.testscripts.WelcomePage"/>
</testsuite> <!-- com.atmecs.konakart.testscripts.WelcomePage -->
